<?xml version="1.0" encoding="UTF-8"?>
<!-- Generated by org.testng.reporters.JUnitReportReporter -->
<testsuite skipped="0" hostname="Rakyesh-PC" name="rediff.Login" tests="1" failures="0" timestamp="04 May 2020 08:56:26 GMT" time="26.133" errors="0">
  <testcase name="f" time="26.133" classname="rediff.Login"/>
</testsuite> <!-- rediff.Login -->
